<?xml version="1.0" encoding="UTF-8"?>
<!-- Generated by org.testng.reporters.JUnitXMLReporter -->
<testsuite ignored="1" hostname="DESKTOP-N1NG7JA" failures="0" tests="1" name="Default test" time="0.101" errors="0" timestamp="2024-06-29T21:12:27 IST">
  <testcase classname="package1.ContactTest" name="modifyContactTest" time="0.023"/>
  <testcase classname="package1.ContactTest" name="createContactTest" time="0.0">
    <ignored/>
  </testcase> <!-- createContactTest -->
</testsuite> <!-- Default test -->
