<?xml version="1.0" encoding="UTF-8"?>
<testng-results ignored="1" total="2" passed="1" failed="0" skipped="0">
  <reporter-output>
  </reporter-output>
  <suite started-at="2024-06-29T21:12:27 IST" name="Default suite" finished-at="2024-06-29T21:12:27 IST" duration-ms="101">
    <groups>
    </groups>
    <test started-at="2024-06-29T21:12:27 IST" name="Default test" finished-at="2024-06-29T21:12:27 IST" duration-ms="101">
      <class name="package1.ContactTest">
        <test-method signature="modifyContactTest()[pri:0, instance:package1.ContactTest@d9345cd]" started-at="2024-06-29T21:12:27 IST" name="modifyContactTest" finished-at="2024-06-29T21:12:27 IST" duration-ms="23" status="PASS">
          <reporter-output>
          </reporter-output>
        </test-method> <!-- modifyContactTest -->
      </class> <!-- package1.ContactTest -->
    </test> <!-- Default test -->
  </suite> <!-- Default suite -->
</testng-results>
